2022-02-08 16:05:17,668 DEBUG com.xilinx.rigel.logger.LoggerSessionHelper [pool-2-thread-4] Logs will be stored at '/proj/xirsqa/impflow/austino/2022.1/workspaces/git_source_control_example/logs/vitisng.log'.
2022-02-08 16:05:17,668 DEBUG com.xilinx.rigel.logger.LoggerSessionHelper [pool-2-thread-4] Previous logs are stored at '/home/austino/.Xilinx/Vitis/2022.1/logs/vitisng_pid_51847.log'.
2022-02-08 16:05:17,669 DEBUG com.xilinx.rigel.logger.LoggerSessionHelper [pool-2-thread-4] ----------------------------------Environment variables (Start)--------------------------------------------
PATH=/proj/xbuilds/SWIP/2022.1_0205_2302/installs/lin64/Vitis/2022.1/gnu/microblaze/lin/bin:/proj/xbuilds/SWIP/2022.1_0205_2302/installs/lin64/Vitis/2022.1/gnu/arm/lin/bin:/proj/xbuilds/SWIP/2022.1_0205_2302/installs/lin64/Vitis/2022.1/gnu/microblaze/linux_toolchain/nt64_be/bin:/proj/xbuilds/SWIP/2022.1_0205_2302/installs/lin64/Vitis/2022.1/gnu/microblaze/linux_toolchain/nt64_le/bin:/proj/xbuilds/SWIP/2022.1_0205_2302/installs/lin64/Vitis/2022.1/gnu/aarch32/lin/gcc-arm-linux-gnueabi/bin:/proj/xbuilds/SWIP/2022.1_0205_2302/installs/lin64/Vitis/2022.1/gnu/aarch32/lin/gcc-arm-none-eabi/bin:/proj/xbuilds/SWIP/2022.1_0205_2302/installs/lin64/Vitis/2022.1/gnu/aarch64/lin/aarch64-linux/bin:/proj/xbuilds/SWIP/2022.1_0205_2302/installs/lin64/Vitis/2022.1/gnu/aarch64/lin/aarch64-none/bin:/proj/xbuilds/SWIP/2022.1_0205_2302/installs/lin64/Vitis/2022.1/gnu/armr5/lin/gcc-arm-none-eabi/bin:/proj/xbuilds/SWIP/2022.1_0205_2302/installs/lin64/Vitis/2022.1/tps/lnx64/cmake-3.21.4/bin:/proj/xbuilds/SWIP/2022.1_0205_2302/installs/lin64/Vitis/2022.1/tps/lnx64/clangd-8.0.0/bin:/proj/xbuilds/SWIP/2022.1_0205_2302/installs/lin64/Vitis/2022.1/tps/lnx64/python-3.8.3//bin:/proj/xbuilds/SWIP/2022.1_0205_2302/installs/lin64/Vitis/2022.1/tps/lnx64/jre11.0.11_9//bin:/proj/xbuilds/SWIP/2022.1_0205_2302/installs/lin64/Vitis/2022.1/bin:/proj/xbuilds/SWIP/2022.1_0205_2302/installs/lin64/Vitis/2022.1/aietools/bin:/proj/xbuilds/SWIP/2022.1_0205_2302/installs/lin64/Vitis/2022.1/bin:/proj/xbuilds/SWIP/2022.1_0205_2302/installs/lin64/Vivado/2022.1/bin:/proj/xbuilds/SWIP/2022.1_0205_2302/installs/lin64/Vivado/2022.1/bin:/proj/xbuilds/SWIP/2022.1_0205_2302/installs/lin64/Vitis/2022.1/gnu/microblaze/lin/bin:/proj/xbuilds/SWIP/2022.1_0205_2302/installs/lin64/Vitis/2022.1/gnu/arm/lin/bin:/proj/xbuilds/SWIP/2022.1_0205_2302/installs/lin64/Vitis/2022.1/gnu/microblaze/linux_toolchain/nt64_be/bin:/proj/xbuilds/SWIP/2022.1_0205_2302/installs/lin64/Vitis/2022.1/gnu/microblaze/linux_toolchain/nt64_le/bin:/proj/xbuilds/SWIP/2022.1_0205_2302/installs/lin64/Vitis/2022.1/gnu/aarch32/lin/gcc-arm-linux-gnueabi/bin:/proj/xbuilds/SWIP/2022.1_0205_2302/installs/lin64/Vitis/2022.1/gnu/aarch32/lin/gcc-arm-none-eabi/bin:/proj/xbuilds/SWIP/2022.1_0205_2302/installs/lin64/Vitis/2022.1/gnu/aarch64/lin/aarch64-linux/bin:/proj/xbuilds/SWIP/2022.1_0205_2302/installs/lin64/Vitis/2022.1/gnu/aarch64/lin/aarch64-none/bin:/proj/xbuilds/SWIP/2022.1_0205_2302/installs/lin64/Vitis/2022.1/gnu/armr5/lin/gcc-arm-none-eabi/bin:/proj/xbuilds/SWIP/2022.1_0205_2302/installs/lin64/Vitis/2022.1/tps/lnx64/cmake-3.21.4/bin:/proj/xbuilds/SWIP/2022.1_0205_2302/installs/lin64/Vitis/2022.1/tps/lnx64/clangd-8.0.0/bin:/proj/xbuilds/SWIP/2022.1_0205_2302/installs/lin64/Vitis/2022.1/tps/lnx64/python-3.8.3//bin:/proj/xbuilds/SWIP/2022.1_0205_2302/installs/lin64/Vitis/2022.1/tps/lnx64/jre11.0.11_9//bin:/proj/xbuilds/SWIP/2022.1_0205_2302/installs/lin64/Vitis/2022.1/bin:/proj/xbuilds/SWIP/2022.1_0205_2302/installs/lin64/Vitis/2022.1/aietools/bin:/proj/xbuilds/SWIP/2022.1_0205_2302/installs/lin64/Vitis/2022.1/bin:/proj/xbuilds/SWIP/2022.1_0205_2302/installs/lin64/Vivado/2022.1/bin:/proj/xbuilds/SWIP/2022.1_0205_2302/installs/lin64/Vivado/2022.1/bin:/proj/xbuilds/XRT/master/202210.2.13.368/packages/x86_64/xrt-2.13.368_centos_7.8/opt/xilinx/xrt/bin:/usr/sbin:/proj/xbuilds/SWIP/2022.1_0205_2302/installs/lin64/Vitis_HLS/2022.1/bin:/proj/xbuilds/SWIP/2022.1_0205_2302/installs/lin64/Model_Composer/2022.1/bin:/proj/xbuilds/SWIP/2022.1_0205_2302/installs/lin64/Vitis/2022.1/bin:/proj/xbuilds/SWIP/2022.1_0205_2302/installs/lin64/Vitis/2022.1/gnu/microblaze/lin/bin:/proj/xbuilds/SWIP/2022.1_0205_2302/installs/lin64/Vitis/2022.1/gnu/arm/lin/bin:/proj/xbuilds/SWIP/2022.1_0205_2302/installs/lin64/Vitis/2022.1/gnu/microblaze/linux_toolchain/lin64_le/bin:/proj/xbuilds/SWIP/2022.1_0205_2302/installs/lin64/Vitis/2022.1/gnu/aarch32/lin/gcc-arm-linux-gnueabi/bin:/proj/xbuilds/SWIP/2022.1_0205_2302/installs/lin64/Vitis/2022.1/gnu/aarch32/lin/gcc-arm-none-eabi/bin:/proj/xbuilds/SWIP/2022.1_0205_2302/installs/lin64/Vitis/2022.1/gnu/aarch64/lin/aarch64-linux/bin:/proj/xbuilds/SWIP/2022.1_0205_2302/installs/lin64/Vitis/2022.1/gnu/aarch64/lin/aarch64-none/bin:/proj/xbuilds/SWIP/2022.1_0205_2302/installs/lin64/Vitis/2022.1/gnu/armr5/lin/gcc-arm-none-eabi/bin:/proj/xbuilds/SWIP/2022.1_0205_2302/installs/lin64/Vitis/2022.1/tps/lnx64/cmake-3.3.2/bin:/proj/xbuilds/SWIP/2022.1_0205_2302/installs/lin64/Vitis/2022.1/aietools/bin:/proj/xbuilds/SWIP/2022.1_0205_2302/installs/lin64/Vivado/2022.1/bin:/proj/xbuilds/SWIP/2022.1_0205_2302/installs/lin64/DocNav:/tools/dist/public/modules/lnx/1.7/bin:/group/xirfarm/lsf/10.1/linux3.10-glibc2.17-x86_64/etc:/group/xirfarm/lsf/10.1/linux3.10-glibc2.17-x86_64/bin:/usr/lib64/qt-3.3/bin:/bin:/usr/bin:/usr/sbin:/opt/puppetlabs/bin:/usr/local/bin:/tools/xint/prod/bin
CUR_MODULE=/tools/dist/public/modules/lnx/latest/init
DBUS_SESSION_BUS_ADDRESS=disabled:
LSF_BINDIR=/group/xirfarm/lsf/10.1/linux3.10-glibc2.17-x86_64/bin
RDI_PATCHROOT=
RDI_BASEROOT=/proj/xbuilds/SWIP/2022.1_0205_2302/installs/lin64/Vitis
LSF_ENVDIR=/group/xirfarm/lsf/conf
MACHTYPE=x86_64
LD_LIBRARY_PATH=/proj/xbuilds/SWIP/2022.1_0205_2302/installs/lin64/Vitis/2022.1/lib/lnx64.o:/proj/xbuilds/SWIP/2022.1_0205_2302/installs/lin64/Vitis/2022.1/lib/lnx64.o/Default:/proj/xbuilds/SWIP/2022.1_0205_2302/installs/lin64/Vitis/2022.1/lib/lnx64.o/Default:/proj/xbuilds/SWIP/2022.1_0205_2302/installs/lin64/Vitis/2022.1/lib/lnx64.o:/proj/xbuilds/SWIP/2022.1_0205_2302/installs/lin64/Vitis/2022.1/tps/lnx64/python-3.8.3/lib:/proj/xbuilds/SWIP/2022.1_0205_2302/installs/lin64/Vitis/2022.1/lib/lnx64.o:/proj/xbuilds/SWIP/2022.1_0205_2302/installs/lin64/Vitis/2022.1/lib/lnx64.o/Default:/proj/xbuilds/SWIP/2022.1_0205_2302/installs/lin64/Vitis/2022.1/lib/lnx64.o/Default:/proj/xbuilds/SWIP/2022.1_0205_2302/installs/lin64/Vitis/2022.1/lib/lnx64.o:/proj/xbuilds/SWIP/2022.1_0205_2302/installs/lin64/Vitis/2022.1/tps/lnx64/python-3.8.3/lib:/proj/xbuilds/XRT/master/202210.2.13.368/packages/x86_64/xrt-2.13.368_centos_7.8/opt/xilinx/xrt/lib:/group/xirfarm/lsf/10.1/linux3.10-glibc2.17-x86_64/lib
PWD=/home/austino
HISTTIMEFORMAT=%h/%d - %H:%M:%S 
LANGUAGE=en_US:en
LESSOPEN=||/usr/bin/lesspipe.sh %s
CHROME_DESKTOP=Rigel IDE.desktop
QT_GRAPHICSSYSTEM_CHECKED=1
RDI_JAVA_VERSION=11.0.11_9
TOOL_ROOT=/tools/dist
RDI_APPROOT=/proj/xbuilds/SWIP/2022.1_0205_2302/installs/lin64/Vitis/2022.1
PYTHONHOME=/proj/xbuilds/SWIP/2022.1_0205_2302/installs/lin64/Vitis/2022.1/tps/lnx64/python-3.8.3/
QTINC=/usr/lib64/qt-3.3/include
HOSTTYPE=x86_64-linux
VSCODE_API_VERSION=1.53.2
LSF_SERVERDIR=/group/xirfarm/lsf/10.1/linux3.10-glibc2.17-x86_64/etc
XILINX_XRT=/proj/xbuilds/XRT/master/202210.2.13.368/packages/x86_64/xrt-2.13.368_centos_7.8/opt/xilinx/xrt
LC_ALL=en_US.UTF-8
XILINX_VITIS=/proj/xbuilds/SWIP/2022.1_0205_2302/installs/lin64/Vitis/2022.1
LC_CTYPE=en_GB
RDI_PLATFORM=lnx64
RDI_DATADIR=/proj/xbuilds/SWIP/2022.1_0205_2302/installs/lin64/Vitis/2022.1/data
SHLVL=3
QT_PLUGIN_PATH=/usr/lib64/kde4/plugins:/usr/lib/kde4/plugins
LOADEDMODULES=
JAVA_HOME=/proj/xbuilds/SWIP/2022.1_0205_2302/installs/lin64/Vitis/2022.1/tps/lnx64/jre11.0.11_9/
PLATFORM_REPO_PATHS=/proj/xbuilds/2022.1_daily_latest/internal_platforms
TERM=xterm
RDI_JAVA_PLATFORM=
XDG_SESSION_ID=13436
GROUP=icdes
RDI_BINROOT=/proj/xbuilds/SWIP/2022.1_0205_2302/installs/lin64/Vitis/2022.1/bin
LSF_LIBDIR=/group/xirfarm/lsf/10.1/linux3.10-glibc2.17-x86_64/lib
RDI_OPT_EXT=.o
XSITE=xir
SITE=XIR
MODULES_FILES=/tools/dist/internal/modulefiles
RDI_TPS_ROOT=/proj/xbuilds/SWIP/2022.1_0205_2302/installs/lin64/Vivado/2022.1/tps/lnx64
SSH_TTY=/dev/pts/0
SSH_CLIENT=172.21.17.128 42378 22
RDI_INSTALLROOT=/proj/xbuilds/SWIP/2022.1_0205_2302/installs/lin64
TCLSH=/tools/batonroot/rodin/devkits/lnx64/tcl-8.5.14/bin/tclsh8.5
XILINX_VIVADO_HLS=/proj/xbuilds/SWIP/2022.1_0205_2302/installs/lin64/Vivado/2022.1
SSH_CONNECTION=172.21.17.128 42378 172.21.95.112 22
XILINX_VIVADO=/proj/xbuilds/SWIP/2022.1_0205_2302/installs/lin64/Vivado/2022.1
_RDI_DONT_SET_XILINX_AS_PATH=True
TOOL_PLAT=64
BASH_FUNC_module()=() {  eval `/tools/batonroot/rodin/devkits/lnx64/tcl-8.5.14/bin/tclsh8.5 /tools/dist/public/modules/lnx/1.7/libexec/modulecmd.tcl bash $*`
}
THEIA_PLUGINS=local-dir:/home/austino/.theia/plugins
_RDI_SETENV_RUN=true
FREETYPE_PROPERTIES=truetype:interpreter-version=35
LC_TIME=en_GB
XIL_SUPPRESS_OVERRIDE_WARNINGS=1
MODULEPATH=/tools/dist/modulefiles_new
LC_MESSAGES=C
HOST=xirengvm095112
MAIL=/var/spool/mail/austino
LC_COLLATE=en_GB
OSTYPE=linux
XIL_CHECK_TCL_DEBUG=False
LOGNAME=austino
RDI_NO_JRE=1
OS_BIT=x86_64
HDI_APPROOT=/proj/xbuilds/SWIP/2022.1_0205_2302/installs/lin64/Vitis/2022.1
PYTHONPATH=/proj/xbuilds/SWIP/2022.1_0205_2302/installs/lin64/Vitis/2022.1/cli/:/proj/xbuilds/SWIP/2022.1_0205_2302/installs/lin64/Vitis/2022.1/cli/python-packages/site-packages:/proj/xbuilds/SWIP/2022.1_0205_2302/installs/lin64/Vitis/2022.1/cli/proto:/proj/xbuilds/SWIP/2022.1_0205_2302/installs/lin64/Vitis/2022.1/tps/lnx64/python-3.8.3/lib/python3.8/lib-dynload/:/proj/xbuilds/SWIP/2022.1_0205_2302/installs/lin64/Vitis/2022.1/tps/lnx64/python-3.8.3/lib/python3.8/:/proj/xbuilds/XRT/master/202210.2.13.368/packages/x86_64/xrt-2.13.368_centos_7.8/opt/xilinx/xrt/python:/proj/xbuilds/SWIP/2022.1_0205_2302/installs/lin64/Vitis/2022.1/tps/lnx64/python-3.8.3/lib/python3.8/lib-dynload/:/proj/xbuilds/SWIP/2022.1_0205_2302/installs/lin64/Vitis/2022.1/tps/lnx64/python-3.8.3/lib/python3.8:/proj/xbuilds/SWIP/2022.1_0205_2302/installs/lin64/Vitis/2022.1/cli/:/proj/xbuilds/SWIP/2022.1_0205_2302/installs/lin64/Vitis/2022.1/cli/python-packages/site-packages:/proj/xbuilds/SWIP/2022.1_0205_2302/installs/lin64/Vitis/2022.1/cli/proto
SHELL=/bin/csh
THEIA_ELECTRON_VERSION=9.3.2
BASH_ENV=/tools/dist/public/modules/lnx/1.7/init/bash
MODULESITE=xir
LM_LICENSE_FILE=2100@aiengine
OLDPWD=/proj/xbuilds/SWIP/2022.1_0205_2302/installs/lin64/Vitis/2022.1/vitisng-server
ORIGINAL_XDG_CURRENT_DESKTOP=undefined
XIL_NO_OVERRIDE=0
XILINX_SDK=/proj/xbuilds/SWIP/2022.1_0205_2302/installs/lin64/Vitis/2022.1
MODULEPATH_modshare=/tools/dist/modulefiles_new:3
x-theia-electron-token={"value":"24441b72-910e-4e53-a876-bf3a202da9da"}
MODULE_FILE=/home/austino/.module_csh
TK_LIBRARY=/proj/xbuilds/SWIP/2022.1_0205_2302/installs/lin64/Vitis/2022.1/tps/tk/tk8.5
LS_COLORS=
MODULE_COMMON=/tools/dist/internal/modulefiles/common2
LC_MONETARY=en_GB
MANPATH=/group/xirfarm/lsf/10.1/man:
RDI_USE_JDK11=1
ENV=/tools/dist/public/modules/lnx/1.7/init/profile.sh
LANG=en_US.UTF-8
TCL_LIBRARY=/proj/xbuilds/SWIP/2022.1_0205_2302/installs/lin64/Vitis/2022.1/tps/tcl/tcl8.5
HISTFILESIZE=100000
DISPLAY=xirvnc101:22
THEIA_DEFAULT_PLUGINS=local-dir:/proj/xbuilds/SWIP/2022.1_0205_2302/installs/lin64/Vitis/2022.1/ide/electron-app/lnx64/resources/app/plugins
RDI_INSTALLVER=2022.1
OS=Linux
THEIA_APP_PROJECT_PATH=/proj/xbuilds/SWIP/2022.1_0205_2302/installs/lin64/Vitis/2022.1/ide/electron-app/lnx64/resources/app
MOD_MACHINE=x86_64
XILINX_HLS=/proj/xbuilds/SWIP/2022.1_0205_2302/installs/lin64/Vitis_HLS/2022.1
REMOTEHOST=xirvnc101.xilinx.com
USER=austino
USER_ALIASES_FILE=/home/austino/.aliases
LC_NUMERIC=C
EDITOR=vi
HOSTNAME=xirengvm095112
MODULESHOME=/tools/dist/public/modules/lnx/1.7
QTDIR=/usr/lib64/qt-3.3
VENDOR=unknown
KDEDIRS=/usr
XDG_RUNTIME_DIR=/run/user/30084
QTLIB=/usr/lib64/qt-3.3/lib
HOME=/home/austino

2022-02-08 16:05:17,669 DEBUG com.xilinx.rigel.logger.LoggerSessionHelper [pool-2-thread-4] ----------------------------------Environment variables (End)--------------------------------------------
2022-02-08 16:05:17,675 INFO com.xilinx.rigel.logger.LoggerEventHandler [pool-2-thread-4] updated workspace path: /proj/xirsqa/impflow/austino/2022.1/workspaces/git_source_control_example
2022-02-08 16:05:17,680 DEBUG com.xilinx.rigel.services.notification.NotificationService [pool-2-thread-2] Posting event 'ON_DID_UPDATE_WORKSPACE' from notification server.
2022-02-08 16:05:17,697 INFO com.xilinx.rigel.logger.LoggerEventHandler [pool-2-thread-2] Received event in logger event handler: ON_DID_UPDATE_WORKSPACE
2022-02-08 16:05:17,702 DEBUG com.xilinx.rigel.logger.LoggerSessionHelper [pool-2-thread-2] Stopping existing log appender 'LogToFile'.
2022-02-08 16:05:17,713 DEBUG com.xilinx.rigel.logger.LoggerSessionHelper [pool-2-thread-2] Logs will be stored at '/proj/xirsqa/impflow/austino/2022.1/workspaces/git_source_control_example/logs/vitisng.log'.
2022-02-08 16:05:17,714 DEBUG com.xilinx.rigel.logger.LoggerSessionHelper [pool-2-thread-2] Previous logs are stored at '/proj/xirsqa/impflow/austino/2022.1/workspaces/git_source_control_example/logs/vitisng.log'.
2022-02-08 16:05:17,714 DEBUG com.xilinx.rigel.logger.LoggerSessionHelper [pool-2-thread-2] ----------------------------------Environment variables (Start)--------------------------------------------
PATH=/proj/xbuilds/SWIP/2022.1_0205_2302/installs/lin64/Vitis/2022.1/gnu/microblaze/lin/bin:/proj/xbuilds/SWIP/2022.1_0205_2302/installs/lin64/Vitis/2022.1/gnu/arm/lin/bin:/proj/xbuilds/SWIP/2022.1_0205_2302/installs/lin64/Vitis/2022.1/gnu/microblaze/linux_toolchain/nt64_be/bin:/proj/xbuilds/SWIP/2022.1_0205_2302/installs/lin64/Vitis/2022.1/gnu/microblaze/linux_toolchain/nt64_le/bin:/proj/xbuilds/SWIP/2022.1_0205_2302/installs/lin64/Vitis/2022.1/gnu/aarch32/lin/gcc-arm-linux-gnueabi/bin:/proj/xbuilds/SWIP/2022.1_0205_2302/installs/lin64/Vitis/2022.1/gnu/aarch32/lin/gcc-arm-none-eabi/bin:/proj/xbuilds/SWIP/2022.1_0205_2302/installs/lin64/Vitis/2022.1/gnu/aarch64/lin/aarch64-linux/bin:/proj/xbuilds/SWIP/2022.1_0205_2302/installs/lin64/Vitis/2022.1/gnu/aarch64/lin/aarch64-none/bin:/proj/xbuilds/SWIP/2022.1_0205_2302/installs/lin64/Vitis/2022.1/gnu/armr5/lin/gcc-arm-none-eabi/bin:/proj/xbuilds/SWIP/2022.1_0205_2302/installs/lin64/Vitis/2022.1/tps/lnx64/cmake-3.21.4/bin:/proj/xbuilds/SWIP/2022.1_0205_2302/installs/lin64/Vitis/2022.1/tps/lnx64/clangd-8.0.0/bin:/proj/xbuilds/SWIP/2022.1_0205_2302/installs/lin64/Vitis/2022.1/tps/lnx64/python-3.8.3//bin:/proj/xbuilds/SWIP/2022.1_0205_2302/installs/lin64/Vitis/2022.1/tps/lnx64/jre11.0.11_9//bin:/proj/xbuilds/SWIP/2022.1_0205_2302/installs/lin64/Vitis/2022.1/bin:/proj/xbuilds/SWIP/2022.1_0205_2302/installs/lin64/Vitis/2022.1/aietools/bin:/proj/xbuilds/SWIP/2022.1_0205_2302/installs/lin64/Vitis/2022.1/bin:/proj/xbuilds/SWIP/2022.1_0205_2302/installs/lin64/Vivado/2022.1/bin:/proj/xbuilds/SWIP/2022.1_0205_2302/installs/lin64/Vivado/2022.1/bin:/proj/xbuilds/SWIP/2022.1_0205_2302/installs/lin64/Vitis/2022.1/gnu/microblaze/lin/bin:/proj/xbuilds/SWIP/2022.1_0205_2302/installs/lin64/Vitis/2022.1/gnu/arm/lin/bin:/proj/xbuilds/SWIP/2022.1_0205_2302/installs/lin64/Vitis/2022.1/gnu/microblaze/linux_toolchain/nt64_be/bin:/proj/xbuilds/SWIP/2022.1_0205_2302/installs/lin64/Vitis/2022.1/gnu/microblaze/linux_toolchain/nt64_le/bin:/proj/xbuilds/SWIP/2022.1_0205_2302/installs/lin64/Vitis/2022.1/gnu/aarch32/lin/gcc-arm-linux-gnueabi/bin:/proj/xbuilds/SWIP/2022.1_0205_2302/installs/lin64/Vitis/2022.1/gnu/aarch32/lin/gcc-arm-none-eabi/bin:/proj/xbuilds/SWIP/2022.1_0205_2302/installs/lin64/Vitis/2022.1/gnu/aarch64/lin/aarch64-linux/bin:/proj/xbuilds/SWIP/2022.1_0205_2302/installs/lin64/Vitis/2022.1/gnu/aarch64/lin/aarch64-none/bin:/proj/xbuilds/SWIP/2022.1_0205_2302/installs/lin64/Vitis/2022.1/gnu/armr5/lin/gcc-arm-none-eabi/bin:/proj/xbuilds/SWIP/2022.1_0205_2302/installs/lin64/Vitis/2022.1/tps/lnx64/cmake-3.21.4/bin:/proj/xbuilds/SWIP/2022.1_0205_2302/installs/lin64/Vitis/2022.1/tps/lnx64/clangd-8.0.0/bin:/proj/xbuilds/SWIP/2022.1_0205_2302/installs/lin64/Vitis/2022.1/tps/lnx64/python-3.8.3//bin:/proj/xbuilds/SWIP/2022.1_0205_2302/installs/lin64/Vitis/2022.1/tps/lnx64/jre11.0.11_9//bin:/proj/xbuilds/SWIP/2022.1_0205_2302/installs/lin64/Vitis/2022.1/bin:/proj/xbuilds/SWIP/2022.1_0205_2302/installs/lin64/Vitis/2022.1/aietools/bin:/proj/xbuilds/SWIP/2022.1_0205_2302/installs/lin64/Vitis/2022.1/bin:/proj/xbuilds/SWIP/2022.1_0205_2302/installs/lin64/Vivado/2022.1/bin:/proj/xbuilds/SWIP/2022.1_0205_2302/installs/lin64/Vivado/2022.1/bin:/proj/xbuilds/XRT/master/202210.2.13.368/packages/x86_64/xrt-2.13.368_centos_7.8/opt/xilinx/xrt/bin:/usr/sbin:/proj/xbuilds/SWIP/2022.1_0205_2302/installs/lin64/Vitis_HLS/2022.1/bin:/proj/xbuilds/SWIP/2022.1_0205_2302/installs/lin64/Model_Composer/2022.1/bin:/proj/xbuilds/SWIP/2022.1_0205_2302/installs/lin64/Vitis/2022.1/bin:/proj/xbuilds/SWIP/2022.1_0205_2302/installs/lin64/Vitis/2022.1/gnu/microblaze/lin/bin:/proj/xbuilds/SWIP/2022.1_0205_2302/installs/lin64/Vitis/2022.1/gnu/arm/lin/bin:/proj/xbuilds/SWIP/2022.1_0205_2302/installs/lin64/Vitis/2022.1/gnu/microblaze/linux_toolchain/lin64_le/bin:/proj/xbuilds/SWIP/2022.1_0205_2302/installs/lin64/Vitis/2022.1/gnu/aarch32/lin/gcc-arm-linux-gnueabi/bin:/proj/xbuilds/SWIP/2022.1_0205_2302/installs/lin64/Vitis/2022.1/gnu/aarch32/lin/gcc-arm-none-eabi/bin:/proj/xbuilds/SWIP/2022.1_0205_2302/installs/lin64/Vitis/2022.1/gnu/aarch64/lin/aarch64-linux/bin:/proj/xbuilds/SWIP/2022.1_0205_2302/installs/lin64/Vitis/2022.1/gnu/aarch64/lin/aarch64-none/bin:/proj/xbuilds/SWIP/2022.1_0205_2302/installs/lin64/Vitis/2022.1/gnu/armr5/lin/gcc-arm-none-eabi/bin:/proj/xbuilds/SWIP/2022.1_0205_2302/installs/lin64/Vitis/2022.1/tps/lnx64/cmake-3.3.2/bin:/proj/xbuilds/SWIP/2022.1_0205_2302/installs/lin64/Vitis/2022.1/aietools/bin:/proj/xbuilds/SWIP/2022.1_0205_2302/installs/lin64/Vivado/2022.1/bin:/proj/xbuilds/SWIP/2022.1_0205_2302/installs/lin64/DocNav:/tools/dist/public/modules/lnx/1.7/bin:/group/xirfarm/lsf/10.1/linux3.10-glibc2.17-x86_64/etc:/group/xirfarm/lsf/10.1/linux3.10-glibc2.17-x86_64/bin:/usr/lib64/qt-3.3/bin:/bin:/usr/bin:/usr/sbin:/opt/puppetlabs/bin:/usr/local/bin:/tools/xint/prod/bin
CUR_MODULE=/tools/dist/public/modules/lnx/latest/init
DBUS_SESSION_BUS_ADDRESS=disabled:
LSF_BINDIR=/group/xirfarm/lsf/10.1/linux3.10-glibc2.17-x86_64/bin
RDI_PATCHROOT=
RDI_BASEROOT=/proj/xbuilds/SWIP/2022.1_0205_2302/installs/lin64/Vitis
LSF_ENVDIR=/group/xirfarm/lsf/conf
MACHTYPE=x86_64
LD_LIBRARY_PATH=/proj/xbuilds/SWIP/2022.1_0205_2302/installs/lin64/Vitis/2022.1/lib/lnx64.o:/proj/xbuilds/SWIP/2022.1_0205_2302/installs/lin64/Vitis/2022.1/lib/lnx64.o/Default:/proj/xbuilds/SWIP/2022.1_0205_2302/installs/lin64/Vitis/2022.1/lib/lnx64.o/Default:/proj/xbuilds/SWIP/2022.1_0205_2302/installs/lin64/Vitis/2022.1/lib/lnx64.o:/proj/xbuilds/SWIP/2022.1_0205_2302/installs/lin64/Vitis/2022.1/tps/lnx64/python-3.8.3/lib:/proj/xbuilds/SWIP/2022.1_0205_2302/installs/lin64/Vitis/2022.1/lib/lnx64.o:/proj/xbuilds/SWIP/2022.1_0205_2302/installs/lin64/Vitis/2022.1/lib/lnx64.o/Default:/proj/xbuilds/SWIP/2022.1_0205_2302/installs/lin64/Vitis/2022.1/lib/lnx64.o/Default:/proj/xbuilds/SWIP/2022.1_0205_2302/installs/lin64/Vitis/2022.1/lib/lnx64.o:/proj/xbuilds/SWIP/2022.1_0205_2302/installs/lin64/Vitis/2022.1/tps/lnx64/python-3.8.3/lib:/proj/xbuilds/XRT/master/202210.2.13.368/packages/x86_64/xrt-2.13.368_centos_7.8/opt/xilinx/xrt/lib:/group/xirfarm/lsf/10.1/linux3.10-glibc2.17-x86_64/lib
PWD=/home/austino
HISTTIMEFORMAT=%h/%d - %H:%M:%S 
LANGUAGE=en_US:en
LESSOPEN=||/usr/bin/lesspipe.sh %s
CHROME_DESKTOP=Rigel IDE.desktop
QT_GRAPHICSSYSTEM_CHECKED=1
RDI_JAVA_VERSION=11.0.11_9
TOOL_ROOT=/tools/dist
RDI_APPROOT=/proj/xbuilds/SWIP/2022.1_0205_2302/installs/lin64/Vitis/2022.1
PYTHONHOME=/proj/xbuilds/SWIP/2022.1_0205_2302/installs/lin64/Vitis/2022.1/tps/lnx64/python-3.8.3/
QTINC=/usr/lib64/qt-3.3/include
HOSTTYPE=x86_64-linux
VSCODE_API_VERSION=1.53.2
LSF_SERVERDIR=/group/xirfarm/lsf/10.1/linux3.10-glibc2.17-x86_64/etc
XILINX_XRT=/proj/xbuilds/XRT/master/202210.2.13.368/packages/x86_64/xrt-2.13.368_centos_7.8/opt/xilinx/xrt
LC_ALL=en_US.UTF-8
XILINX_VITIS=/proj/xbuilds/SWIP/2022.1_0205_2302/installs/lin64/Vitis/2022.1
LC_CTYPE=en_GB
RDI_PLATFORM=lnx64
RDI_DATADIR=/proj/xbuilds/SWIP/2022.1_0205_2302/installs/lin64/Vitis/2022.1/data
SHLVL=3
QT_PLUGIN_PATH=/usr/lib64/kde4/plugins:/usr/lib/kde4/plugins
LOADEDMODULES=
JAVA_HOME=/proj/xbuilds/SWIP/2022.1_0205_2302/installs/lin64/Vitis/2022.1/tps/lnx64/jre11.0.11_9/
PLATFORM_REPO_PATHS=/proj/xbuilds/2022.1_daily_latest/internal_platforms
TERM=xterm
RDI_JAVA_PLATFORM=
XDG_SESSION_ID=13436
GROUP=icdes
RDI_BINROOT=/proj/xbuilds/SWIP/2022.1_0205_2302/installs/lin64/Vitis/2022.1/bin
LSF_LIBDIR=/group/xirfarm/lsf/10.1/linux3.10-glibc2.17-x86_64/lib
RDI_OPT_EXT=.o
XSITE=xir
SITE=XIR
MODULES_FILES=/tools/dist/internal/modulefiles
RDI_TPS_ROOT=/proj/xbuilds/SWIP/2022.1_0205_2302/installs/lin64/Vivado/2022.1/tps/lnx64
SSH_TTY=/dev/pts/0
SSH_CLIENT=172.21.17.128 42378 22
RDI_INSTALLROOT=/proj/xbuilds/SWIP/2022.1_0205_2302/installs/lin64
TCLSH=/tools/batonroot/rodin/devkits/lnx64/tcl-8.5.14/bin/tclsh8.5
XILINX_VIVADO_HLS=/proj/xbuilds/SWIP/2022.1_0205_2302/installs/lin64/Vivado/2022.1
SSH_CONNECTION=172.21.17.128 42378 172.21.95.112 22
XILINX_VIVADO=/proj/xbuilds/SWIP/2022.1_0205_2302/installs/lin64/Vivado/2022.1
_RDI_DONT_SET_XILINX_AS_PATH=True
TOOL_PLAT=64
BASH_FUNC_module()=() {  eval `/tools/batonroot/rodin/devkits/lnx64/tcl-8.5.14/bin/tclsh8.5 /tools/dist/public/modules/lnx/1.7/libexec/modulecmd.tcl bash $*`
}
THEIA_PLUGINS=local-dir:/home/austino/.theia/plugins
_RDI_SETENV_RUN=true
FREETYPE_PROPERTIES=truetype:interpreter-version=35
LC_TIME=en_GB
XIL_SUPPRESS_OVERRIDE_WARNINGS=1
MODULEPATH=/tools/dist/modulefiles_new
LC_MESSAGES=C
HOST=xirengvm095112
MAIL=/var/spool/mail/austino
LC_COLLATE=en_GB
OSTYPE=linux
XIL_CHECK_TCL_DEBUG=False
LOGNAME=austino
RDI_NO_JRE=1
OS_BIT=x86_64
HDI_APPROOT=/proj/xbuilds/SWIP/2022.1_0205_2302/installs/lin64/Vitis/2022.1
PYTHONPATH=/proj/xbuilds/SWIP/2022.1_0205_2302/installs/lin64/Vitis/2022.1/cli/:/proj/xbuilds/SWIP/2022.1_0205_2302/installs/lin64/Vitis/2022.1/cli/python-packages/site-packages:/proj/xbuilds/SWIP/2022.1_0205_2302/installs/lin64/Vitis/2022.1/cli/proto:/proj/xbuilds/SWIP/2022.1_0205_2302/installs/lin64/Vitis/2022.1/tps/lnx64/python-3.8.3/lib/python3.8/lib-dynload/:/proj/xbuilds/SWIP/2022.1_0205_2302/installs/lin64/Vitis/2022.1/tps/lnx64/python-3.8.3/lib/python3.8/:/proj/xbuilds/XRT/master/202210.2.13.368/packages/x86_64/xrt-2.13.368_centos_7.8/opt/xilinx/xrt/python:/proj/xbuilds/SWIP/2022.1_0205_2302/installs/lin64/Vitis/2022.1/tps/lnx64/python-3.8.3/lib/python3.8/lib-dynload/:/proj/xbuilds/SWIP/2022.1_0205_2302/installs/lin64/Vitis/2022.1/tps/lnx64/python-3.8.3/lib/python3.8:/proj/xbuilds/SWIP/2022.1_0205_2302/installs/lin64/Vitis/2022.1/cli/:/proj/xbuilds/SWIP/2022.1_0205_2302/installs/lin64/Vitis/2022.1/cli/python-packages/site-packages:/proj/xbuilds/SWIP/2022.1_0205_2302/installs/lin64/Vitis/2022.1/cli/proto
SHELL=/bin/csh
THEIA_ELECTRON_VERSION=9.3.2
BASH_ENV=/tools/dist/public/modules/lnx/1.7/init/bash
MODULESITE=xir
LM_LICENSE_FILE=2100@aiengine
OLDPWD=/proj/xbuilds/SWIP/2022.1_0205_2302/installs/lin64/Vitis/2022.1/vitisng-server
ORIGINAL_XDG_CURRENT_DESKTOP=undefined
XIL_NO_OVERRIDE=0
XILINX_SDK=/proj/xbuilds/SWIP/2022.1_0205_2302/installs/lin64/Vitis/2022.1
MODULEPATH_modshare=/tools/dist/modulefiles_new:3
x-theia-electron-token={"value":"24441b72-910e-4e53-a876-bf3a202da9da"}
MODULE_FILE=/home/austino/.module_csh
TK_LIBRARY=/proj/xbuilds/SWIP/2022.1_0205_2302/installs/lin64/Vitis/2022.1/tps/tk/tk8.5
LS_COLORS=
MODULE_COMMON=/tools/dist/internal/modulefiles/common2
LC_MONETARY=en_GB
MANPATH=/group/xirfarm/lsf/10.1/man:
RDI_USE_JDK11=1
ENV=/tools/dist/public/modules/lnx/1.7/init/profile.sh
LANG=en_US.UTF-8
TCL_LIBRARY=/proj/xbuilds/SWIP/2022.1_0205_2302/installs/lin64/Vitis/2022.1/tps/tcl/tcl8.5
HISTFILESIZE=100000
DISPLAY=xirvnc101:22
THEIA_DEFAULT_PLUGINS=local-dir:/proj/xbuilds/SWIP/2022.1_0205_2302/installs/lin64/Vitis/2022.1/ide/electron-app/lnx64/resources/app/plugins
RDI_INSTALLVER=2022.1
OS=Linux
THEIA_APP_PROJECT_PATH=/proj/xbuilds/SWIP/2022.1_0205_2302/installs/lin64/Vitis/2022.1/ide/electron-app/lnx64/resources/app
MOD_MACHINE=x86_64
XILINX_HLS=/proj/xbuilds/SWIP/2022.1_0205_2302/installs/lin64/Vitis_HLS/2022.1
REMOTEHOST=xirvnc101.xilinx.com
USER=austino
USER_ALIASES_FILE=/home/austino/.aliases
LC_NUMERIC=C
EDITOR=vi
HOSTNAME=xirengvm095112
MODULESHOME=/tools/dist/public/modules/lnx/1.7
QTDIR=/usr/lib64/qt-3.3
VENDOR=unknown
KDEDIRS=/usr
XDG_RUNTIME_DIR=/run/user/30084
QTLIB=/usr/lib64/qt-3.3/lib
HOME=/home/austino

2022-02-08 16:05:17,715 DEBUG com.xilinx.rigel.logger.LoggerSessionHelper [pool-2-thread-2] ----------------------------------Environment variables (End)--------------------------------------------
2022-02-08 16:05:17,715 INFO com.xilinx.rigel.logger.LoggerEventHandler [pool-2-thread-2] updated workspace path: /proj/xirsqa/impflow/austino/2022.1/workspaces/git_source_control_example
2022-02-08 16:06:35,325 DEBUG com.xilinx.rigel.services.project.examples.ExampleProjectCreator [pool-2-thread-3] Generating launch configurations for component 'concurrent_kernel_execution' in application 'concurrent_kernel_execution'
2022-02-08 16:06:35,328 DEBUG com.xilinx.rigel.services.project.launch.DcXrtIniGenerator [pool-2-thread-3] Generating xrt.ini file at '/proj/xirsqa/impflow/austino/2022.1/workspaces/git_source_control_example/concurrent_kernel_execution/concurrent_kernel_execution/runtime/sw_emu_xrt.ini'.
2022-02-08 16:06:35,332 DEBUG com.xilinx.rigel.services.project.launch.DcXrtIniGenerator [pool-2-thread-3] Generating xrt.ini file at '/proj/xirsqa/impflow/austino/2022.1/workspaces/git_source_control_example/concurrent_kernel_execution/concurrent_kernel_execution/runtime/hw_emu_xrt.ini'.
2022-02-08 16:06:35,333 DEBUG com.xilinx.rigel.services.project.launch.DcXrtIniGenerator [pool-2-thread-3] Generating xrt.ini file at '/proj/xirsqa/impflow/austino/2022.1/workspaces/git_source_control_example/concurrent_kernel_execution/concurrent_kernel_execution/runtime/hw_xrt.ini'.
2022-02-08 16:06:35,339 DEBUG com.xilinx.rigel.services.project.launch.DcAppLaunchJsonGenerator [pool-2-thread-3] Generated launch.json at '/proj/xirsqa/impflow/austino/2022.1/workspaces/git_source_control_example/concurrent_kernel_execution/_ide/.theia/launch.json'
2022-02-08 16:06:35,340 DEBUG com.xilinx.rigel.services.project.launch.DcAppLaunchJsonGenerator [pool-2-thread-3] Creating work directories used by launch configurations - [/proj/xirsqa/impflow/austino/2022.1/workspaces/git_source_control_example/concurrent_kernel_execution/build_sw_emu/concurrent_kernel_execution_sw_emu, /proj/xirsqa/impflow/austino/2022.1/workspaces/git_source_control_example/concurrent_kernel_execution/build_hw_emu/concurrent_kernel_execution_hw_emu, /proj/xirsqa/impflow/austino/2022.1/workspaces/git_source_control_example/concurrent_kernel_execution/build_hw/concurrent_kernel_execution_hw]
2022-02-08 16:06:35,387 DEBUG com.xilinx.rigel.services.notification.NotificationService [pool-2-thread-3] Posting event 'ON_DID_CREATE_PROJECT' from notification server.
2022-02-08 16:06:37,222 INFO com.xilinx.rigel.services.buildsrvc.ProjectCmakeHandler [pool-2-thread-3]  Found compiledb at /proj/xbuilds/SWIP/2022.1_0205_2302/installs/lin64/Vitis/2022.1/vitisng-server/scripts/compiledb
2022-02-08 16:06:37,877 INFO com.xilinx.rigel.services.buildsrvc.ProjectCmakeHandler [pool-2-thread-3] Generated compile_commands.json at /proj/xirsqa/impflow/austino/2022.1/workspaces/git_source_control_example/concurrent_kernel_execution/_ide/_build/pl_kernels
2022-02-08 16:06:37,880 DEBUG com.xilinx.rigel.services.buildsrvc.ProjectCmakeHandler [pool-2-thread-3] Generated transformed  compile_commands.json at '/proj/xirsqa/impflow/austino/2022.1/workspaces/git_source_control_example/concurrent_kernel_execution/_ide/_build/pl_kernels/compile_commands.json'
2022-02-08 16:06:37,882 DEBUG com.xilinx.rigel.services.buildsrvc.ProjectCmakeHandler [pool-2-thread-3] Generated combined compile_commands.json at '/proj/xirsqa/impflow/austino/2022.1/workspaces/git_source_control_example/concurrent_kernel_execution/_ide/_build/compile_commands.json'
2022-02-08 16:06:37,933 DEBUG com.xilinx.rigel.services.notification.NotificationService [pool-2-thread-3] Posting event 'ON_DID_UPDATE_COMPILE_COMMAND' from notification server.
2022-02-08 16:06:37,934 INFO com.xilinx.rigel.scm.ScmEventHandler [pool-2-thread-3] Received event in scm event handler: ON_DID_CREATE_PROJECT
2022-02-08 16:06:37,936 INFO com.xilinx.rigel.scm.ScmEventHandler [pool-2-thread-3] created .gitignore file for the project /proj/xirsqa/impflow/austino/2022.1/workspaces/git_source_control_example/concurrent_kernel_execution
